Arguments: 
  C:\Program Files\nodejs\node.exe C:\Program Files (x86)\Yarn\bin\yarn.js start

PATH: 
  C:\Users\JamesTath\bin;C:\Program Files\Git\mingw64\bin;C:\Program Files\Git\usr\local\bin;C:\Program Files\Git\usr\bin;C:\Program Files\Git\usr\bin;C:\Program Files\Git\mingw64\bin;C:\Program Files\Git\usr\bin;C:\Users\JamesTath\bin;C:\program files (x86)\common files\oracle\java\javapath;C:\programdata\oracle\java\javapath;C:\program files (x86)\razer chroma sdk\bin;C:\program files\razer chroma sdk\bin;C:\program files (x86)\google\chrome\application;C:\windows\system32;C:\windows;C:\windows\system32\wbem;C:\windows\system32\windowspowershell\v1.0;C:\windows\system32;C:\windows;C:\windows\system32\wbem;C:\windows\system32\windowspowershell\v1.0;C:\program files (x86)\windows kits\8.1\windows performance toolkit;C:\program files\microsoft sql server\110\tools\binn;C:\windows\system32;C:\windows;C:\windows\system32\wbem;C:\windows\system32\windowspowershell\v1.0;C:\program files (x86)\gtksharp\2.12\bin;C:\program files\git\cmd;C:\program files\putty;C:\windows\system32\openssh;C:\program files\nvidia corporation\nvidia nvdlisr;C:\Program Files (x86)\NVIDIA Corporation\PhysX\Common;C:\Program Files\nodejs;C:\Program Files (x86)\Yarn\bin;C:\Users\JamesTath\Anaconda3;C:\Users\JamesTath\Anaconda3\Library\mingw-w64\bin;C:\Users\JamesTath\Anaconda3\Library\usr\bin;C:\Users\JamesTath\Anaconda3\Library\bin;C:\Users\JamesTath\Anaconda3\Scripts;C:\javagaming\jinput\lib;C:\Program Files\Java\jdk1.8.0_181\bin;C:\Users\JamesTath\AppData\Local\Programs\Microsoft VS Code\bin;C:\Users\JamesTath\AppData\Roaming\npm;C:\Users\JamesTath\AppData\Local\Yarn\bin;C:\Program Files\Git\usr\bin\vendor_perl;C:\Program Files\Git\usr\bin\core_perl

Yarn version: 
  1.19.1

Node version: 
  10.16.3

Platform: 
  win32 x64

Trace: 
  TypeError [ERR_INVALID_ARG_TYPE]: The "path" argument must be of type string. Received type object
      at validateString (internal/validators.js:125:11)
      at Object.isAbsolute (path.js:399:5)
      at module.exports.exports.default (C:\Program Files (x86)\Yarn\lib\cli.js:96765:16)
      at C:\Program Files (x86)\Yarn\lib\cli.js:51143:63
      at Generator.next (<anonymous>)
      at step (C:\Program Files (x86)\Yarn\lib\cli.js:304:30)
      at C:\Program Files (x86)\Yarn\lib\cli.js:315:13

npm manifest: 
  {
    "requires": true,
    "lockfileVersion": 1,
    "dependencies": {
      "@babel/runtime": {
        "version": "7.6.3",
        "resolved": "https://registry.npmjs.org/@babel/runtime/-/runtime-7.6.3.tgz",
        "integrity": "sha512-kq6anf9JGjW8Nt5rYfEuGRaEAaH1mkv3Bbu6rYvLOpPh/RusSJXuKPEAoZ7L7gybZkchE8+NV5g9vKF4AGAtsA==",
        "requires": {
          "regenerator-runtime": "^0.13.2"
        }
      },
      "@restart/context": {
        "version": "2.1.4",
        "resolved": "https://registry.npmjs.org/@restart/context/-/context-2.1.4.tgz",
        "integrity": "sha512-INJYZQJP7g+IoDUh/475NlGiTeMfwTXUEr3tmRneckHIxNolGOW9CTq83S8cxq0CgJwwcMzMJFchxvlwe7Rk8Q=="
      },
      "@restart/hooks": {
        "version": "0.3.15",
        "resolved": "https://registry.npmjs.org/@restart/hooks/-/hooks-0.3.15.tgz",
        "integrity": "sha512-rVNba1A2oMzKBg16fCrrHmCf4JjOzFhT9TWR8J+Y8iOcY4zffxtP3ke7mEsakvghHZT+9//uDOPSSeuBDW41GQ=="
      },
      "@types/prop-types": {
        "version": "15.7.3",
        "resolved": "https://registry.npmjs.org/@types/prop-types/-/prop-types-15.7.3.tgz",
        "integrity": "sha512-KfRL3PuHmqQLOG+2tGpRO26Ctg+Cq1E01D2DMriKEATHgWLfeNDmq9e29Q9WIky0dQ3NPkd1mzYH8Lm936Z9qw=="
      },
      "@types/react": {
        "version": "16.9.11",
        "resolved": "https://registry.npmjs.org/@types/react/-/react-16.9.11.tgz",
        "integrity": "sha512-UBT4GZ3PokTXSWmdgC/GeCGEJXE5ofWyibCcecRLUVN2ZBpXQGVgQGtG2foS7CrTKFKlQVVswLvf7Js6XA/CVQ==",
        "requires": {
          "@types/prop-types": "*",
          "csstype": "^2.2.0"
        }
      },
      "balanced-match": {
        "version": "1.0.0",
        "resolved": "https://registry.npmjs.org/balanced-match/-/balanced-match-1.0.0.tgz",
        "integrity": "sha1-ibTRmasr7kneFk6gK4nORi1xt2c="
      },
      "brace-expansion": {
        "version": "1.1.11",
        "resolved": "https://registry.npmjs.org/brace-expansion/-/brace-expansion-1.1.11.tgz",
        "integrity": "sha512-iCuPHDFgrHX7H2vEI/5xpz07zSHB00TpugqhmYtVmMO6518mCuRMoOYFldEBl0g187ufozdaHgWKcYFb61qGiA==",
        "requires": {
          "balanced-match": "^1.0.0",
          "concat-map": "0.0.1"
        }
      },
      "classnames": {
        "version": "2.2.6",
        "resolved": "https://registry.npmjs.org/classnames/-/classnames-2.2.6.tgz",
        "integrity": "sha512-JR/iSQOSt+LQIWwrwEzJ9uk0xfN3mTVYMwt1Ir5mUcSN6pU+V4zQFFaJsclJbPuAUQH+yfWef6tm7l1quW3C8Q=="
      },
      "cli": {
        "version": "1.0.1",
        "resolved": "https://registry.npmjs.org/cli/-/cli-1.0.1.tgz",
        "integrity": "sha1-IoF1NPJL+klQw01TLUjsvGIbjBQ=",
        "requires": {
          "exit": "0.1.2",
          "glob": "^7.1.1"
        }
      },
      "concat-map": {
        "version": "0.0.1",
        "resolved": "https://registry.npmjs.org/concat-map/-/concat-map-0.0.1.tgz",
        "integrity": "sha1-2Klr13/Wjfd5OnMDajug1UBdR3s="
      },
      "console-browserify": {
        "version": "1.1.0",
        "resolved": "https://registry.npmjs.org/console-browserify/-/console-browserify-1.1.0.tgz",
        "integrity": "sha1-8CQcRXMKn8YyOyBtvzjtx0HQuxA=",
        "requires": {
          "date-now": "^0.1.4"
        }
      },
      "core-util-is": {
        "version": "1.0.2",
        "resolved": "https://registry.npmjs.org/core-util-is/-/core-util-is-1.0.2.tgz",
        "integrity": "sha1-tf1UIgqivFq1eqtxQMlAdUUDwac="
      },
      "create-react-context": {
        "version": "0.3.0",
        "resolved": "https://registry.npmjs.org/create-react-context/-/create-react-context-0.3.0.tgz",
        "integrity": "sha512-dNldIoSuNSvlTJ7slIKC/ZFGKexBMBrrcc+TTe1NdmROnaASuLPvqpwj9v4XS4uXZ8+YPu0sNmShX2rXI5LNsw==",
        "requires": {
          "gud": "^1.0.0",
          "warning": "^4.0.3"
        }
      },
      "csstype": {
        "version": "2.6.7",
        "resolved": "https://registry.npmjs.org/csstype/-/csstype-2.6.7.tgz",
        "integrity": "sha512-9Mcn9sFbGBAdmimWb2gLVDtFJzeKtDGIr76TUqmjZrw9LFXBMSU70lcs+C0/7fyCd6iBDqmksUcCOUIkisPHsQ=="
      },
      "date-now": {
        "version": "0.1.4",
        "resolved": "https://registry.npmjs.org/date-now/-/date-now-0.1.4.tgz",
        "integrity": "sha1-6vQ5/U1ISK105cx9vvIAZyueNFs="
      },
      "dom-helpers": {
        "version": "3.4.0",
        "resolved": "https://registry.npmjs.org/dom-helpers/-/dom-helpers-3.4.0.tgz",
        "integrity": "sha512-LnuPJ+dwqKDIyotW1VzmOZ5TONUN7CwkCR5hrgawTUbkBGYdeoNLZo6nNfGkCrjtE1nXXaj7iMMpDa8/d9WoIA==",
        "requires": {
          "@babel/runtime": "^7.1.2"
        }
      },
      "dom-serializer": {
        "version": "0.2.1",
        "resolved": "https://registry.npmjs.org/dom-serializer/-/dom-serializer-0.2.1.tgz",
        "integrity": "sha512-sK3ujri04WyjwQXVoK4PU3y8ula1stq10GJZpqHIUgoGZdsGzAGu65BnU3d08aTVSvO7mGPZUc0wTEDL+qGE0Q==",
        "requires": {
          "domelementtype": "^2.0.1",
          "entities": "^2.0.0"
        },
        "dependencies": {
          "domelementtype": {
            "version": "2.0.1",
            "resolved": "https://registry.npmjs.org/domelementtype/-/domelementtype-2.0.1.tgz",
            "integrity": "sha512-5HOHUDsYZWV8FGWN0Njbr/Rn7f/eWSQi1v7+HsUVwXgn8nWWlL64zKDkS0n8ZmQ3mlWOMuXOnR+7Nx/5tMO5AQ=="
          },
          "entities": {
            "version": "2.0.0",
            "resolved": "https://registry.npmjs.org/entities/-/entities-2.0.0.tgz",
            "integrity": "sha512-D9f7V0JSRwIxlRI2mjMqufDrRDnx8p+eEOz7aUM9SuvF8gsBzra0/6tbjl1m8eQHrZlYj6PxqE00hZ1SAIKPLw=="
          }
        }
      },
      "domelementtype": {
        "version": "1.3.1",
        "resolved": "https://registry.npmjs.org/domelementtype/-/domelementtype-1.3.1.tgz",
        "integrity": "sha512-BSKB+TSpMpFI/HOxCNr1O8aMOTZ8hT3pM3GQ0w/mWRmkhEDSFJkkyzz4XQsBV44BChwGkrDfMyjVD0eA2aFV3w=="
      },
      "domhandler": {
        "version": "2.3.0",
        "resolved": "https://registry.npmjs.org/domhandler/-/domhandler-2.3.0.tgz",
        "integrity": "sha1-LeWaCCLVAn+r/28DLCsloqir5zg=",
        "requires": {
          "domelementtype": "1"
        }
      },
      "domutils": {
        "version": "1.5.1",
        "resolved": "https://registry.npmjs.org/domutils/-/domutils-1.5.1.tgz",
        "integrity": "sha1-3NhIiib1Y9YQeeSMn3t+Mjc2gs8=",
        "requires": {
          "dom-serializer": "0",
          "domelementtype": "1"
        }
      },
      "entities": {
        "version": "1.0.0",
        "resolved": "https://registry.npmjs.org/entities/-/entities-1.0.0.tgz",
        "integrity": "sha1-sph6o4ITR/zeZCsk/fyeT7cSvyY="
      },
      "exit": {
        "version": "0.1.2",
        "resolved": "https://registry.npmjs.org/exit/-/exit-0.1.2.tgz",
        "integrity": "sha1-BjJjj42HfMghB9MKD/8aF8uhzQw="
      },
      "fs.realpath": {
        "version": "1.0.0",
        "resolved": "https://registry.npmjs.org/fs.realpath/-/fs.realpath-1.0.0.tgz",
        "integrity": "sha1-FQStJSMVjKpA20onh8sBQRmU6k8="
      },
      "glob": {
        "version": "7.1.4",
        "resolved": "https://registry.npmjs.org/glob/-/glob-7.1.4.tgz",
        "integrity": "sha512-hkLPepehmnKk41pUGm3sYxoFs/umurYfYJCerbXEyFIWcAzvpipAgVkBqqT9RBKMGjnq6kMuyYwha6csxbiM1A==",
        "requires": {
          "fs.realpath": "^1.0.0",
          "inflight": "^1.0.4",
          "inherits": "2",
          "minimatch": "^3.0.4",
          "once": "^1.3.0",
          "path-is-absolute": "^1.0.0"
        }
      },
      "gud": {
        "version": "1.0.0",
        "resolved": "https://registry.npmjs.org/gud/-/gud-1.0.0.tgz",
        "integrity": "sha512-zGEOVKFM5sVPPrYs7J5/hYEw2Pof8KCyOwyhG8sAF26mCAeUFAcYPu1mwB7hhpIP29zOIBaDqwuHdLp0jvZXjw=="
      },
      "htmlparser2": {
        "version": "3.8.3",
        "resolved": "https://registry.npmjs.org/htmlparser2/-/htmlparser2-3.8.3.tgz",
        "integrity": "sha1-mWwosZFRaovoZQGn15dX5ccMEGg=",
        "requires": {
          "domelementtype": "1",
          "domhandler": "2.3",
          "domutils": "1.5",
          "entities": "1.0",
          "readable-stream": "1.1"
        }
      },
      "inflight": {
        "version": "1.0.6",
        "resolved": "https://registry.npmjs.org/inflight/-/inflight-1.0.6.tgz",
        "integrity": "sha1-Sb1jMdfQLQwJvJEKEHW6gWW1bfk=",
        "requires": {
          "once": "^1.3.0",
          "wrappy": "1"
        }
      },
      "inherits": {
        "version": "2.0.4",
        "resolved": "https://registry.npmjs.org/inherits/-/inherits-2.0.4.tgz",
        "integrity": "sha512-k/vGaX4/Yla3WzyMCvTQOXYeIHvqOKtnqBduzTHpzpQZzAskKMhZ2K+EnBiSM9zGSoIFeMpXKxa4dYeZIQqewQ=="
      },
      "invariant": {
        "version": "2.2.4",
        "resolved": "https://registry.npmjs.org/invariant/-/invariant-2.2.4.tgz",
        "integrity": "sha512-phJfQVBuaJM5raOpJjSfkiD6BpbCE4Ns//LaXl6wGYtUBY83nWS6Rf9tXm2e8VaK60JEjYldbPif/A2B1C2gNA==",
        "requires": {
          "loose-envify": "^1.0.0"
        }
      },
      "isarray": {
        "version": "0.0.1",
        "resolved": "https://registry.npmjs.org/isarray/-/isarray-0.0.1.tgz",
        "integrity": "sha1-ihis/Kmo9Bd+Cav8YDiTmwXR7t8="
      },
      "js-tokens": {
        "version": "4.0.0",
        "resolved": "https://registry.npmjs.org/js-tokens/-/js-tokens-4.0.0.tgz",
        "integrity": "sha512-RdJUflcE3cUzKiMqQgsCu06FPu9UdIJO0beYbPhHN4k6apgJtifcoCtT9bcxOpYBtpD2kCM6Sbzg4CausW/PKQ=="
      },
      "jshint": {
        "version": "2.10.2",
        "resolved": "https://registry.npmjs.org/jshint/-/jshint-2.10.2.tgz",
        "integrity": "sha512-e7KZgCSXMJxznE/4WULzybCMNXNAd/bf5TSrvVEq78Q/K8ZwFpmBqQeDtNiHc3l49nV4E/+YeHU/JZjSUIrLAA==",
        "requires": {
          "cli": "~1.0.0",
          "console-browserify": "1.1.x",
          "exit": "0.1.x",
          "htmlparser2": "3.8.x",
          "lodash": "~4.17.11",
          "minimatch": "~3.0.2",
          "shelljs": "0.3.x",
          "strip-json-comments": "1.0.x"
        }
      },
      "keycode": {
        "version": "2.2.0",
        "resolved": "https://registry.npmjs.org/keycode/-/keycode-2.2.0.tgz",
        "integrity": "sha1-PQr1bce4uOXLqNCpfxByBO7CKwQ="
      },
      "lodash": {
        "version": "4.17.15",
        "resolved": "https://registry.npmjs.org/lodash/-/lodash-4.17.15.tgz",
        "integrity": "sha512-8xOcRHvCjnocdS5cpwXQXVzmmh5e5+saE2QGoeQmbKmRS6J3VQppPOIt0MnmE+4xlZoumy0GPG0D0MVIQbNA1A=="
      },
      "loose-envify": {
        "version": "1.4.0",
        "resolved": "https://registry.npmjs.org/loose-envify/-/loose-envify-1.4.0.tgz",
        "integrity": "sha512-lyuxPGr/Wfhrlem2CL/UcnUc1zcqKAImBDzukY7Y5F/yQiNdko6+fRLevlw1HgMySw7f611UIY408EtxRSoK3Q==",
        "requires": {
          "js-tokens": "^3.0.0 || ^4.0.0"
        }
      },
      "minimatch": {
        "version": "3.0.4",
        "resolved": "https://registry.npmjs.org/minimatch/-/minimatch-3.0.4.tgz",
        "integrity": "sha512-yJHVQEhyqPLUTgt9B83PXu6W3rx4MvvHvSUvToogpwoGDOUQ+yDrR0HRot+yOCdCO7u4hX3pWft6kWBBcqh0UA==",
        "requires": {
          "brace-expansion": "^1.1.7"
        }
      },
      "object-assign": {
        "version": "4.1.1",
        "resolved": "https://registry.npmjs.org/object-assign/-/object-assign-4.1.1.tgz",
        "integrity": "sha1-IQmtx5ZYh8/AXLvUQsrIv7s2CGM="
      },
      "once": {
        "version": "1.4.0",
        "resolved": "https://registry.npmjs.org/once/-/once-1.4.0.tgz",
        "integrity": "sha1-WDsap3WWHUsROsF9nFC6753Xa9E=",
        "requires": {
          "wrappy": "1"
        }
      },
      "path-is-absolute": {
        "version": "1.0.1",
        "resolved": "https://registry.npmjs.org/path-is-absolute/-/path-is-absolute-1.0.1.tgz",
        "integrity": "sha1-F0uSaHNVNP+8es5r9TpanhtcX18="
      },
      "popper.js": {
        "version": "1.16.0",
        "resolved": "https://registry.npmjs.org/popper.js/-/popper.js-1.16.0.tgz",
        "integrity": "sha512-+G+EkOPoE5S/zChTpmBSSDYmhXJ5PsW8eMhH8cP/CQHMFPBG/kC9Y5IIw6qNYgdJ+/COf0ddY2li28iHaZRSjw=="
      },
      "prop-types": {
        "version": "15.7.2",
        "resolved": "https://registry.npmjs.org/prop-types/-/prop-types-15.7.2.tgz",
        "integrity": "sha512-8QQikdH7//R2vurIJSutZ1smHYTcLpRWEOlHnzcWHmBYrOGUysKwSsrC89BCiFj3CbrfJ/nXFdJepOVrY1GCHQ==",
        "requires": {
          "loose-envify": "^1.4.0",
          "object-assign": "^4.1.1",
          "react-is": "^16.8.1"
        }
      },
      "prop-types-extra": {
        "version": "1.1.0",
        "resolved": "https://registry.npmjs.org/prop-types-extra/-/prop-types-extra-1.1.0.tgz",
        "integrity": "sha512-QFyuDxvMipmIVKD2TwxLVPzMnO4e5oOf1vr3tJIomL8E7d0lr6phTHd5nkPhFIzTD1idBLLEPeylL9g+rrTzRg==",
        "requires": {
          "react-is": "^16.3.2",
          "warning": "^3.0.0"
        },
        "dependencies": {
          "warning": {
            "version": "3.0.0",
            "resolved": "https://registry.npmjs.org/warning/-/warning-3.0.0.tgz",
            "integrity": "sha1-MuU3fLVy3kqwR1O9+IIcAe1gW3w=",
            "requires": {
              "loose-envify": "^1.0.0"
            }
          }
        }
      },
      "react-bootstrap": {
        "version": "1.0.0-beta.14",
        "resolved": "https://registry.npmjs.org/react-bootstrap/-/react-bootstrap-1.0.0-beta.14.tgz",
        "integrity": "sha512-UGK5f78FE8wAei1YL/oSwFlJZLqxJ/h4S8DCwHyY8hQjFCrjEW5PoEBTOOhQ6PQL6WOsZe1jkiOJG7L5TZWu+w==",
        "requires": {
          "@babel/runtime": "^7.4.2",
          "@restart/context": "^2.1.4",
          "@restart/hooks": "^0.3.11",
          "@types/react": "^16.8.23",
          "classnames": "^2.2.6",
          "dom-helpers": "^3.4.0",
          "invariant": "^2.2.4",
          "keycode": "^2.2.0",
          "popper.js": "^1.14.7",
          "prop-types": "^15.7.2",
          "prop-types-extra": "^1.1.0",
          "react-overlays": "^1.2.0",
          "react-transition-group": "^4.0.0",
          "uncontrollable": "^7.0.0",
          "warning": "^4.0.3"
        }
      },
      "react-context-toolbox": {
        "version": "2.0.2",
        "resolved": "https://registry.npmjs.org/react-context-toolbox/-/react-context-toolbox-2.0.2.tgz",
        "integrity": "sha512-tY4j0imkYC3n5ZlYSgFkaw7fmlCp3IoQQ6DxpqeNHzcD0hf+6V+/HeJxviLUZ1Rv1Yn3N3xyO2EhkkZwHn0m1A=="
      },
      "react-is": {
        "version": "16.11.0",
        "resolved": "https://registry.npmjs.org/react-is/-/react-is-16.11.0.tgz",
        "integrity": "sha512-gbBVYR2p8mnriqAwWx9LbuUrShnAuSCNnuPGyc7GJrMVQtPDAh8iLpv7FRuMPFb56KkaVZIYSz1PrjI9q0QPCw=="
      },
      "react-lifecycles-compat": {
        "version": "3.0.4",
        "resolved": "https://registry.npmjs.org/react-lifecycles-compat/-/react-lifecycles-compat-3.0.4.tgz",
        "integrity": "sha512-fBASbA6LnOU9dOU2eW7aQ8xmYBSXUIWr+UmF9b1efZBazGNO+rcXT/icdKnYm2pTwcRylVUYwW7H1PHfLekVzA=="
      },
      "react-overlays": {
        "version": "1.2.0",
        "resolved": "https://registry.npmjs.org/react-overlays/-/react-overlays-1.2.0.tgz",
        "integrity": "sha512-i/FCV8wR6aRaI+Kz/dpJhOdyx+ah2tN1RhT9InPrexyC4uzf3N4bNayFTGtUeQVacj57j1Mqh1CwV60/5153Iw==",
        "requires": {
          "classnames": "^2.2.6",
          "dom-helpers": "^3.4.0",
          "prop-types": "^15.6.2",
          "prop-types-extra": "^1.1.0",
          "react-context-toolbox": "^2.0.2",
          "react-popper": "^1.3.2",
          "uncontrollable": "^6.0.0",
          "warning": "^4.0.2"
        },
        "dependencies": {
          "uncontrollable": {
            "version": "6.2.3",
            "resolved": "https://registry.npmjs.org/uncontrollable/-/uncontrollable-6.2.3.tgz",
            "integrity": "sha512-VgOAoBU2ptCL2bfTG2Mra0I8i1u6Aq84AFonD5tmCAYSfs3hWvr2Rlw0q2ntoxXTHjcQOmZOh3FKaN+UZVyREQ==",
            "requires": {
              "@babel/runtime": "^7.4.5",
              "invariant": "^2.2.4"
            }
          }
        }
      },
      "react-popper": {
        "version": "1.3.4",
        "resolved": "https://registry.npmjs.org/react-popper/-/react-popper-1.3.4.tgz",
        "integrity": "sha512-9AcQB29V+WrBKk6X7p0eojd1f25/oJajVdMZkywIoAV6Ag7hzE1Mhyeup2Q1QnvFRtGQFQvtqfhlEoDAPfKAVA==",
        "requires": {
          "@babel/runtime": "^7.1.2",
          "create-react-context": "^0.3.0",
          "popper.js": "^1.14.4",
          "prop-types": "^15.6.1",
          "typed-styles": "^0.0.7",
          "warning": "^4.0.2"
        }
      },
      "react-transition-group": {
        "version": "4.3.0",
        "resolved": "https://registry.npmjs.org/react-transition-group/-/react-transition-group-4.3.0.tgz",
        "integrity": "sha512-1qRV1ZuVSdxPlPf4O8t7inxUGpdyO5zG9IoNfJxSO0ImU2A1YWkEQvFPuIPZmMLkg5hYs7vv5mMOyfgSkvAwvw==",
        "requires": {
          "@babel/runtime": "^7.5.5",
          "dom-helpers": "^5.0.1",
          "loose-envify": "^1.4.0",
          "prop-types": "^15.6.2"
        },
        "dependencies": {
          "dom-helpers": {
            "version": "5.1.3",
            "resolved": "https://registry.npmjs.org/dom-helpers/-/dom-helpers-5.1.3.tgz",
            "integrity": "sha512-nZD1OtwfWGRBWlpANxacBEZrEuLa16o1nh7YopFWeoF68Zt8GGEmzHu6Xv4F3XaFIC+YXtTLrzgqKxFgLEe4jw==",
            "requires": {
              "@babel/runtime": "^7.6.3",
              "csstype": "^2.6.7"
            }
          }
        }
      },
      "readable-stream": {
        "version": "1.1.14",
        "resolved": "https://registry.npmjs.org/readable-stream/-/readable-stream-1.1.14.tgz",
        "integrity": "sha1-fPTFTvZI44EwhMY23SB54WbAgdk=",
        "requires": {
          "core-util-is": "~1.0.0",
          "inherits": "~2.0.1",
          "isarray": "0.0.1",
          "string_decoder": "~0.10.x"
        }
      },
      "regenerator-runtime": {
        "version": "0.13.3",
        "resolved": "https://registry.npmjs.org/regenerator-runtime/-/regenerator-runtime-0.13.3.tgz",
        "integrity": "sha512-naKIZz2GQ8JWh///G7L3X6LaQUAMp2lvb1rvwwsURe/VXwD6VMfr+/1NuNw3ag8v2kY1aQ/go5SNn79O9JU7yw=="
      },
      "shelljs": {
        "version": "0.3.0",
        "resolved": "https://registry.npmjs.org/shelljs/-/shelljs-0.3.0.tgz",
        "integrity": "sha1-NZbmMHp4FUT1kfN9phg2DzHbV7E="
      },
      "string_decoder": {
        "version": "0.10.31",
        "resolved": "https://registry.npmjs.org/string_decoder/-/string_decoder-0.10.31.tgz",
        "integrity": "sha1-YuIDvEF2bGwoyfyEMB2rHFMQ+pQ="
      },
      "strip-json-comments": {
        "version": "1.0.4",
        "resolved": "https://registry.npmjs.org/strip-json-comments/-/strip-json-comments-1.0.4.tgz",
        "integrity": "sha1-HhX7ysl9Pumb8tc7TGVrCCu6+5E="
      },
      "typed-styles": {
        "version": "0.0.7",
        "resolved": "https://registry.npmjs.org/typed-styles/-/typed-styles-0.0.7.tgz",
        "integrity": "sha512-pzP0PWoZUhsECYjABgCGQlRGL1n7tOHsgwYv3oIiEpJwGhFTuty/YNeduxQYzXXa3Ge5BdT6sHYIQYpl4uJ+5Q=="
      },
      "uncontrollable": {
        "version": "7.1.0",
        "resolved": "https://registry.npmjs.org/uncontrollable/-/uncontrollable-7.1.0.tgz",
        "integrity": "sha512-ie1drnxEKHREeGehl+26HvnCkwhTxxwFGt4FpoBvjmv8qyljIkCHpYVYAwYroTQyXFgEbDc4zoZKtr/EAN9eJw==",
        "requires": {
          "@babel/runtime": "^7.6.3",
          "@types/react": "^16.9.11",
          "invariant": "^2.2.4",
          "react-lifecycles-compat": "^3.0.4"
        }
      },
      "warning": {
        "version": "4.0.3",
        "resolved": "https://registry.npmjs.org/warning/-/warning-4.0.3.tgz",
        "integrity": "sha512-rpJyN222KWIvHJ/F53XSZv0Zl/accqHR8et1kpaMTD/fLCRxtV8iX8czMzY7sVZupTI3zcUTg8eycS2kNF9l6w==",
        "requires": {
          "loose-envify": "^1.0.0"
        }
      },
      "wrappy": {
        "version": "1.0.2",
        "resolved": "https://registry.npmjs.org/wrappy/-/wrappy-1.0.2.tgz",
        "integrity": "sha1-tSQ9jz7BqjXxNkYFvA0QNuMKtp8="
      }
    }
  }

yarn manifest: 
  No manifest

Lockfile: 
  # THIS IS AN AUTOGENERATED FILE. DO NOT EDIT THIS FILE DIRECTLY.
  # yarn lockfile v1
